<?xml version="1.0" encoding="UTF-8" ?>
<testsuite errors="3" failures="0" hostname="KYTECH-SURFACE" name="com.allendowney.thinkdast.MyArrayListTest" skipped="0" tests="20" time="0.341" timestamp="2020-09-10T03:38:16">
  <properties>
    <property name="java.vendor" value="Oracle Corporation" />
    <property name="env.USERDOMAIN_ROAMINGPROFILE" value="KYTECH-SURFACE" />
    <property name="sun.java.launcher" value="SUN_STANDARD" />
    <property name="sun.management.compiler" value="HotSpot 64-Bit Tiered Compilers" />
    <property name="env.PROMPT" value="$P$G" />
    <property name="os.name" value="Windows 10" />
    <property name="env.DriverData" value="C:\Windows\System32\Drivers\DriverData" />
    <property name="env.COMPUTERNAME" value="KYTECH-SURFACE" />
    <property name="env.CommonProgramW6432" value="C:\Program Files\Common Files" />
    <property name="env.ALLUSERSPROFILE" value="C:\ProgramData" />
    <property name="sun.desktop" value="windows" />
    <property name="java.vm.specification.vendor" value="Oracle Corporation" />
    <property name="ant.home" value="C:\Users\kytec\apache-ant" />
    <property name="java.runtime.version" value="11.0.5+10-LTS" />
    <property name="env.HOMEPATH" value="\Users\kytec" />
    <property name="user.name" value="kytec" />
    <property name="user.language" value="en" />
    <property name="sun.boot.library.path" value="C:\Program Files\Java\jdk-11.0.5\bin" />
    <property name="ant.project.default-target" value="build" />
    <property name="ant.project.name" value="JavaCS" />
    <property name="java.vm.compressedOopsMode" value="32-bit" />
    <property name="java.version" value="11.0.5" />
    <property name="env.PROCESSOR_IDENTIFIER" value="Intel64 Family 6 Model 142 Stepping 9, GenuineIntel" />
    <property name="user.timezone" value="" />
    <property name="env.TEMP" value="C:\Users\kytec\AppData\Local\Temp" />
    <property name="sun.arch.data.model" value="64" />
    <property name="env._JAVACMD" value="C:\Program Files\Java\jdk-11.0.5\bin\java.exe" />
    <property name="sun.cpu.isalist" value="amd64" />
    <property name="env.HOMEDRIVE" value="C:" />
    <property name="sun.jnu.encoding" value="Cp1252" />
    <property name="file.separator" value="\" />
    <property name="java.specification.name" value="Java Platform API Specification" />
    <property name="java.class.version" value="55.0" />
    <property name="user.country" value="US" />
    <property name="ant.file.JavaCS" value="C:\Users\kytec\source\repos\Kytech\ThinkDataStructures\code\build.xml" />
    <property name="java.home" value="C:\Program Files\Java\jdk-11.0.5" />
    <property name="env.PSModulePath" value="C:\Users\kytec\Documents\WindowsPowerShell\Modules;C:\Users\kytec\AppData\Local\Google\Cloud SDK\google-cloud-sdk\platform\PowerShell" />
    <property name="env.APPDATA" value="C:\Users\kytec\AppData\Roaming" />
    <property name="java.vm.info" value="mixed mode" />
    <property name="env.PUBLIC" value="C:\Users\Public" />
    <property name="env.ComSpec" value="C:\WINDOWS\system32\cmd.exe" />
    <property name="env.OS" value="Windows_NT" />
    <property name="env.CommonProgramFiles" value="C:\Program Files\Common Files" />
    <property name="os.version" value="10.0" />
    <property name="ant.file" value="C:\Users\kytec\source\repos\Kytech\ThinkDataStructures\code\build.xml" />
    <property name="env.ProgramW6432" value="C:\Program Files" />
    <property name="env._USE_CLASSPATH" value="no" />
    <property name="env.ChocolateyPath" value="C:\Chocolatey" />
    <property name="env.WSLENV" value="WT_SESSION::WT_PROFILE_ID" />
    <property name="path.separator" value=";" />
    <property name="java.vm.version" value="11.0.5+10-LTS" />
    <property name="user.variant" value="" />
    <property name="env.USERPROFILE" value="C:\Users\kytec" />
    <property name="env.WT_PROFILE_ID" value="{58ad8b0c-3ef8-5f4d-bc6f-13e4c00f2530}" />
    <property name="ant.library.dir" value="C:\Users\kytec\apache-ant\lib" />
    <property name="junit.output.dir" value="junit" />
    <property name="env.JAVA_HOME" value="C:\Program Files\Java\jdk-11.0.5" />
    <property name="java.awt.printerjob" value="sun.awt.windows.WPrinterJob" />
    <property name="env.TMP" value="C:\Users\kytec\AppData\Local\Temp" />
    <property name="sun.io.unicode.encoding" value="UnicodeLittle" />
    <property name="awt.toolkit" value="sun.awt.windows.WToolkit" />
    <property name="sun.stdout.encoding" value="cp437" />
    <property name="user.script" value="" />
    <property name="target" value="1.7" />
    <property name="user.home" value="C:\Users\kytec" />
    <property name="env.VS140COMNTOOLS" value="C:\Program Files (x86)\Microsoft Visual Studio 14.0\Common7\Tools\" />
    <property name="env.ProgramData" value="C:\ProgramData" />
    <property name="env.ProgramFiles(x86)" value="C:\Program Files (x86)" />
    <property name="java.version.date" value="2019-10-15" />
    <property name="env.IntelliJ IDEA Community Edition" value="C:\Program Files\JetBrains\IntelliJ IDEA Community Edition 2020.2\bin;" />
    <property name="java.specification.vendor" value="Oracle Corporation" />
    <property name="env.NUMBER_OF_PROCESSORS" value="4" />
    <property name="java.library.path" value="C:\Program Files\Java\jdk-11.0.5\bin;C:\WINDOWS\Sun\Java\bin;C:\WINDOWS\system32;C:\WINDOWS;C:\WINDOWS\system32;C:\WINDOWS;C:\WINDOWS\System32\Wbem;C:\WINDOWS\System32\WindowsPowerShell\v1.0\;C:\WINDOWS\System32\OpenSSH\;C:\Program Files\Microsoft SQL Server\130\Tools\Binn\;C:\Program Files (x86)\Microsoft Visual Studio\Shared\Python37_64\Scripts\;C:\Program Files (x86)\Microsoft Visual Studio\Shared\Python37_64\;C:\Program Files (x86)\Brackets\command;C:\Program Files\PuTTY\;C:\Program Files\nodejs\;C:\Program Files\Git\cmd;C:\Program Files\Java\jdk-11.0.5\bin;C:\Program Files\dotnet\;C:\Users\kytec\AppData\Local\Microsoft\WindowsApps;C:\Users\kytec\AppData\Local\Programs\Microsoft VS Code\bin;C:\Users\kytec\AppData\Local\GitHubDesktop\bin;C:\Users\kytec\AppData\Local\Google\Cloud SDK\google-cloud-sdk\bin;C:\Users\kytec\bin;C:\Users\kytec\AppData\Roaming\npm;C:\Users\kytec\AppData\Local\Microsoft\WindowsApps;C:\Program Files\JetBrains\IntelliJ IDEA Community Edition 2020.2\bin;C:\Users\kytec\.dotnet\tools;C:\Users\kytec\apache-ant\bin;." />
    <property name="java.vendor.url" value="http://java.oracle.com/" />
    <property name="java.vm.vendor" value="Oracle Corporation" />
    <property name="java.runtime.name" value="Java(TM) SE Runtime Environment" />
    <property name="java.class.path" value="C:\Users\kytec\source\repos\Kytech\ThinkDataStructures\code\bin;C:\Users\kytec\source\repos\Kytech\ThinkDataStructures\code\lib\jedis-2.8.0.jar;C:\Users\kytec\source\repos\Kytech\ThinkDataStructures\code\lib\jsoup-1.8.3.jar;C:\Users\kytec\source\repos\Kytech\ThinkDataStructures\code\lib\junit-4.12.jar;C:\Users\kytec\source\repos\Kytech\ThinkDataStructures\code\lib\hamcrest-core-1.3.jar;C:\Users\kytec\source\repos\Kytech\ThinkDataStructures\code\lib\jcommon-1.0.23.jar;C:\Users\kytec\source\repos\Kytech\ThinkDataStructures\code\lib\jfreechart-1.0.19.jar;C:\Users\kytec\source\repos\Kytech\ThinkDataStructures\code\lib\servlet.jar;C:\Users\kytec\source\repos\Kytech\ThinkDataStructures\code\lib\ant-junit.jar;C:\Users\kytec\source\repos\Kytech\ThinkDataStructures\code\lib\commons-math3-3.6.jar;C:\Users\kytec\source\repos\Kytech\ThinkDataStructures\code\lib\hamcrest-library-1.3.jar;C:\Users\kytec\apache-ant\lib\junit-4.12.jar;C:\Users\kytec\apache-ant\lib\ant-launcher.jar;C:\Users\kytec\apache-ant\lib\ant.jar;C:\Users\kytec\apache-ant\lib\ant-junit.jar;C:\Users\kytec\apache-ant\lib\ant-junit4.jar" />
    <property name="sun.java.command" value="org.apache.tools.ant.taskdefs.optional.junit.JUnitTestRunner com.allendowney.thinkdast.MyArrayListTest skipNonTests=false filtertrace=true haltOnError=false haltOnFailure=false formatter=org.apache.tools.ant.taskdefs.optional.junit.OutErrSummaryJUnitResultFormatter showoutput=false outputtoformatters=true logfailedtests=true threadid=0 logtestlistenerevents=false formatter=org.apache.tools.ant.taskdefs.optional.junit.XMLJUnitResultFormatter,C:\Users\kytec\source\repos\Kytech\ThinkDataStructures\code\junit\TEST-com.allendowney.thinkdast.MyArrayListTest.xml crashfile=C:\Users\kytec\source\repos\Kytech\ThinkDataStructures\code\junitvmwatcher5311282186731820271.properties propsfile=C:\Users\kytec\source\repos\Kytech\ThinkDataStructures\code\junit15347677065059778078.properties" />
    <property name="ant.version" value="Apache Ant(TM) version 1.10.8 compiled on May 10 2020" />
    <property name="jdk.debug" value="release" />
    <property name="env.WT_SESSION" value="9846fed6-a32d-4d83-aa46-577c85a80293" />
    <property name="ant.file.type.JavaCS" value="file" />
    <property name="java.vm.specification.name" value="Java Virtual Machine Specification" />
    <property name="ant.file.type" value="file" />
    <property name="env.windir" value="C:\WINDOWS" />
    <property name="env.LOGONSERVER" value="\\KYTECH-SURFACE" />
    <property name="java.vm.specification.version" value="11" />
    <property name="env.PROCESSOR_ARCHITECTURE" value="AMD64" />
    <property name="sun.cpu.endian" value="little" />
    <property name="sun.os.patch.level" value="" />
    <property name="env.OneDrive" value="C:\Users\kytec\OneDrive" />
    <property name="debuglevel" value="source,lines,vars" />
    <property name="env.ANT_HOME" value="C:\Users\kytec\apache-ant" />
    <property name="env.ProgramFiles" value="C:\Program Files" />
    <property name="env.PROCESSOR_REVISION" value="8e09" />
    <property name="java.io.tmpdir" value="C:\Users\kytec\AppData\Local\Temp\" />
    <property name="env.CommonProgramFiles(x86)" value="C:\Program Files (x86)\Common Files" />
    <property name="java.vendor.url.bug" value="http://bugreport.java.com/bugreport/" />
    <property name="env.OneDriveConsumer" value="C:\Users\kytec\OneDrive" />
    <property name="env.SystemRoot" value="C:\WINDOWS" />
    <property name="os.arch" value="amd64" />
    <property name="java.awt.graphicsenv" value="sun.awt.Win32GraphicsEnvironment" />
    <property name="env.ANT_CMD_LINE_ARGS" value=" MyArrayListTest" />
    <property name="user.dir" value="C:\Users\kytec\source\repos\Kytech\ThinkDataStructures\code" />
    <property name="env.LOCALAPPDATA" value="C:\Users\kytec\AppData\Local" />
    <property name="line.separator" value="&#xd;&#xa;" />
    <property name="java.vm.name" value="Java HotSpot(TM) 64-Bit Server VM" />
    <property name="env.PATHEXT" value=".COM;.EXE;.BAT;.CMD;.VBS;.VBE;.JS;.JSE;.WSF;.WSH;.MSC" />
    <property name="env.Path" value="C:\WINDOWS\system32;C:\WINDOWS;C:\WINDOWS\System32\Wbem;C:\WINDOWS\System32\WindowsPowerShell\v1.0\;C:\WINDOWS\System32\OpenSSH\;C:\Program Files\Microsoft SQL Server\130\Tools\Binn\;C:\Program Files (x86)\Microsoft Visual Studio\Shared\Python37_64\Scripts\;C:\Program Files (x86)\Microsoft Visual Studio\Shared\Python37_64\;C:\Program Files (x86)\Brackets\command;C:\Program Files\PuTTY\;C:\Program Files\nodejs\;C:\Program Files\Git\cmd;C:\Program Files\Java\jdk-11.0.5\bin;C:\Program Files\dotnet\;C:\Users\kytec\AppData\Local\Microsoft\WindowsApps;C:\Users\kytec\AppData\Local\Programs\Microsoft VS Code\bin;C:\Users\kytec\AppData\Local\GitHubDesktop\bin;C:\Users\kytec\AppData\Local\Google\Cloud SDK\google-cloud-sdk\bin;C:\Users\kytec\bin;C:\Users\kytec\AppData\Roaming\npm;C:\Users\kytec\AppData\Local\Microsoft\WindowsApps;C:\Program Files\JetBrains\IntelliJ IDEA Community Edition 2020.2\bin;C:\Users\kytec\.dotnet\tools;C:\Users\kytec\apache-ant\bin" />
    <property name="basedir" value="C:\Users\kytec\source\repos\Kytech\ThinkDataStructures\code" />
    <property name="ant.java.version" value="11" />
    <property name="ant.core.lib" value="C:\Users\kytec\apache-ant\lib\ant.jar" />
    <property name="env.USERNAME" value="kytec" />
    <property name="source" value="1.7" />
    <property name="env.SystemDrive" value="C:" />
    <property name="sun.stderr.encoding" value="cp437" />
    <property name="file.encoding" value="Cp1252" />
    <property name="env.USERDOMAIN" value="KYTECH-SURFACE" />
    <property name="env.BONJOUR_SDK_HOME" value="C:\Program Files\Bonjour SDK" />
    <property name="java.specification.version" value="11" />
    <property name="env.=C:" value="C:\Users\kytec\source\repos\Kytech\ThinkDataStructures\code" />
    <property name="ant.project.invoked-targets" value="MyArrayListTest" />
    <property name="java.vendor.version" value="18.9" />
    <property name="env.PROCESSOR_LEVEL" value="6" />
  </properties>
  <testcase classname="com.allendowney.thinkdast.MyArrayListTest" name="testToArray" time="0.009" />
  <testcase classname="com.allendowney.thinkdast.MyArrayListTest" name="testAddIntT" time="0.001" />
  <testcase classname="com.allendowney.thinkdast.MyArrayListTest" name="testGet" time="0.0" />
  <testcase classname="com.allendowney.thinkdast.MyArrayListTest" name="testSet" time="0.0" />
  <testcase classname="com.allendowney.thinkdast.MyArrayListTest" name="testAddAllCollectionOfQextendsT" time="0.0" />
  <testcase classname="com.allendowney.thinkdast.MyArrayListTest" name="testClear" time="0.0" />
  <testcase classname="com.allendowney.thinkdast.MyArrayListTest" name="testAddT" time="0.001" />
  <testcase classname="com.allendowney.thinkdast.MyArrayListTest" name="testSize" time="0.0" />
  <testcase classname="com.allendowney.thinkdast.MyArrayListTest" name="testLastIndexOf" time="0.0" />
  <testcase classname="com.allendowney.thinkdast.MyArrayListTest" name="testContainsAll" time="0.0" />
  <testcase classname="com.allendowney.thinkdast.MyArrayListTest" name="testRemoveObject" time="0.013">
    <error message="Index 10 out of bounds for length 10" type="java.lang.ArrayIndexOutOfBoundsException">java.lang.ArrayIndexOutOfBoundsException: Index 10 out of bounds for length 10
	at com.allendowney.thinkdast.MyArrayList.remove(MyArrayList.java:198)
	at com.allendowney.thinkdast.MyArrayList.remove(MyArrayList.java:189)
	at com.allendowney.thinkdast.MyArrayListTest.testRemoveObject(MyArrayListTest.java:194)
	at java.base/jdk.internal.reflect.NativeMethodAccessorImpl.invoke0(Native Method)
	at java.base/jdk.internal.reflect.NativeMethodAccessorImpl.invoke(NativeMethodAccessorImpl.java:62)
	at java.base/jdk.internal.reflect.DelegatingMethodAccessorImpl.invoke(DelegatingMethodAccessorImpl.java:43)
</error>
  </testcase>
  <testcase classname="com.allendowney.thinkdast.MyArrayListTest" name="testContains" time="0.001" />
  <testcase classname="com.allendowney.thinkdast.MyArrayListTest" name="testIndexOfNull" time="0.0" />
  <testcase classname="com.allendowney.thinkdast.MyArrayListTest" name="testIndexOf" time="0.001" />
  <testcase classname="com.allendowney.thinkdast.MyArrayListTest" name="testMyList" time="0.0" />
  <testcase classname="com.allendowney.thinkdast.MyArrayListTest" name="testIsEmpty" time="0.002" />
  <testcase classname="com.allendowney.thinkdast.MyArrayListTest" name="testIterator" time="0.0" />
  <testcase classname="com.allendowney.thinkdast.MyArrayListTest" name="testRemoveAll" time="0.0">
    <error message="Index 10 out of bounds for length 10" type="java.lang.ArrayIndexOutOfBoundsException">java.lang.ArrayIndexOutOfBoundsException: Index 10 out of bounds for length 10
	at com.allendowney.thinkdast.MyArrayList.remove(MyArrayList.java:198)
	at com.allendowney.thinkdast.MyArrayList.remove(MyArrayList.java:189)
	at com.allendowney.thinkdast.MyArrayList.removeAll(MyArrayList.java:209)
	at com.allendowney.thinkdast.MyArrayListTest.testRemoveAll(MyArrayListTest.java:234)
	at java.base/jdk.internal.reflect.NativeMethodAccessorImpl.invoke0(Native Method)
	at java.base/jdk.internal.reflect.NativeMethodAccessorImpl.invoke(NativeMethodAccessorImpl.java:62)
	at java.base/jdk.internal.reflect.DelegatingMethodAccessorImpl.invoke(DelegatingMethodAccessorImpl.java:43)
</error>
  </testcase>
  <testcase classname="com.allendowney.thinkdast.MyArrayListTest" name="testRemoveInt" time="0.001">
    <error message="Index 10 out of bounds for length 10" type="java.lang.ArrayIndexOutOfBoundsException">java.lang.ArrayIndexOutOfBoundsException: Index 10 out of bounds for length 10
	at com.allendowney.thinkdast.MyArrayList.remove(MyArrayList.java:198)
	at com.allendowney.thinkdast.MyArrayListTest.testRemoveInt(MyArrayListTest.java:223)
	at java.base/jdk.internal.reflect.NativeMethodAccessorImpl.invoke0(Native Method)
	at java.base/jdk.internal.reflect.NativeMethodAccessorImpl.invoke(NativeMethodAccessorImpl.java:62)
	at java.base/jdk.internal.reflect.DelegatingMethodAccessorImpl.invoke(DelegatingMethodAccessorImpl.java:43)
</error>
  </testcase>
  <testcase classname="com.allendowney.thinkdast.MyArrayListTest" name="testSubList" time="0.0" />
  <system-out><![CDATA[]]></system-out>
  <system-err><![CDATA[]]></system-err>
</testsuite>
